<?xml version="1.0" encoding="UTF-8"?>
<testng-results ignored="4" total="5" passed="1" failed="0" skipped="0">
  <reporter-output>
  </reporter-output>
  <suite started-at="2025-05-12T20:19:55 IST" name="Default suite" finished-at="2025-05-12T20:19:56 IST" duration-ms="1178">
    <groups>
    </groups>
    <test started-at="2025-05-12T20:19:55 IST" name="Default test" finished-at="2025-05-12T20:19:56 IST" duration-ms="1178">
      <class name="RestAssured_TestCases.LocalApi">
        <test-method signature="LocalDelete()[pri:0, instance:RestAssured_TestCases.LocalApi@3eb25e1a]" started-at="2025-05-12T20:19:55 IST" name="LocalDelete" finished-at="2025-05-12T20:19:56 IST" duration-ms="1145" status="PASS">
          <reporter-output>
          </reporter-output>
        </test-method> <!-- LocalDelete -->
      </class> <!-- RestAssured_TestCases.LocalApi -->
    </test> <!-- Default test -->
  </suite> <!-- Default suite -->
</testng-results>
