<?xml version="1.0" encoding="UTF-8"?>
<!-- Generated by org.testng.reporters.JUnitXMLReporter -->
<testsuite ignored="4" hostname="DESKTOP-3N5LA56" failures="0" tests="1" name="Default test" time="1.178" errors="0" timestamp="2025-05-12T20:19:56 IST">
  <testcase classname="RestAssured_TestCases.LocalApi" name="LocalDelete" time="1.145"/>
  <testcase classname="RestAssured_TestCases.LocalApi" name="LocalGet" time="0.0">
    <ignored/>
  </testcase> <!-- LocalGet -->
  <testcase classname="RestAssured_TestCases.LocalApi" name="LocalPost" time="0.0">
    <ignored/>
  </testcase> <!-- LocalPost -->
  <testcase classname="RestAssured_TestCases.LocalApi" name="LocalPut" time="0.0">
    <ignored/>
  </testcase> <!-- LocalPut -->
  <testcase classname="RestAssured_TestCases.LocalApi" name="LocalPatch" time="0.0">
    <ignored/>
  </testcase> <!-- LocalPatch -->
</testsuite> <!-- Default test -->
